<?xml version="1.0" encoding="UTF-8"?>
<testng-results skipped="0" failed="0" ignored="0" total="1" passed="1">
  <reporter-output>
  </reporter-output>
  <suite name="Default suite" duration-ms="36033" started-at="2020-10-13T23:33:59 PDT" finished-at="2020-10-13T23:34:35 PDT">
    <groups>
    </groups>
    <test name="Default test" duration-ms="36033" started-at="2020-10-13T23:33:59 PDT" finished-at="2020-10-13T23:34:35 PDT">
      <class name="com.learningwebtable.VtigerContacts">
        <test-method status="PASS" signature="dynamicWebtable()[pri:0, instance:com.learningwebtable.VtigerContacts@131276c2]" name="dynamicWebtable" duration-ms="35961" started-at="2020-10-13T23:33:59 PDT" finished-at="2020-10-13T23:34:35 PDT">
          <reporter-output>
          </reporter-output>
        </test-method> <!-- dynamicWebtable -->
      </class> <!-- com.learningwebtable.VtigerContacts -->
    </test> <!-- Default test -->
  </suite> <!-- Default suite -->
</testng-results>
